<?xml version="1.0" encoding="UTF-8"?>
<!-- Generated by org.testng.reporters.JUnitXMLReporter -->
<testsuite ignored="2" hostname="DESKTOP-TKMLJJN" failures="1" tests="1" name="Login_Tests(failed)" time="5.189" errors="0" timestamp="2026-03-06T12:58:21 IST">
  <testcase classname="test.SimpleTest" name="cartTest" time="0.611">
    <failure type="java.lang.IllegalArgumentException" message="Keys to send should be a not null CharSequence">
      <![CDATA[java.lang.IllegalArgumentException: Keys to send should be a not null CharSequence
at org.openqa.selenium.remote.RemoteWebElement.sendKeys(RemoteWebElement.java:96)
at test.CartPage.lastName(CartPage.java:33)
at test.SimpleTest.cartTest(SimpleTest.java:153)
at java.base/java.util.ArrayList.forEach(ArrayList.java:1604)
... Removed 25 stack frames]]>
    </failure>
  </testcase> <!-- cartTest -->
  <testcase classname="test.SimpleTest" name="removeCart" time="0.0">
    <ignored/>
  </testcase> <!-- removeCart -->
  <testcase classname="test.SimpleTest" name="loginTest" time="0.0">
    <ignored/>
  </testcase> <!-- loginTest -->
</testsuite> <!-- Login_Tests(failed) -->
