<?xml version="1.0" encoding="UTF-8"?>
<!-- Generated by org.testng.reporters.JUnitReportReporter -->
<testsuite hostname="DESKTOP-TKMLJJN" failures="0" tests="2" name="test.Xpath_Practice" time="5.114" errors="0" timestamp="2026-02-09T22:26:39 IST" skipped="1">
  <testcase classname="test.Xpath_Practice" name="test_Part2" time="5.114"/>
  <testcase classname="test.Xpath_Practice" name="test_Part3">
    <skipped/>
  </testcase> <!-- test_Part3 -->
</testsuite> <!-- test.Xpath_Practice -->
